producer_class	xtools.gsea.GseaPreranked
producer_timestamp	1680983057326
param	rpt_label	control_vs_treatmentA
param	rnd_seed	timestamp
param	set_min	15
param	zip_report	false
param	create_svgs	false
param	scoring_scheme	weighted
param	rnk	/Users/maryamhasanzadehkiabi/Documents/BCB420/Maryam_Hasanzadehkiabi/Assignment 3/project_data/CRC_ranked_genelist.rnk.txt
param	norm	meandiv
param	out	/Users/maryamhasanzadehkiabi/Documents/BCB420/Maryam_Hasanzadehkiabi/Assignment 3/result_data
param	mode	Abs_max_of_probes
param	include_only_symbols	true
param	help	false
param	set_max	200
param	gmx	/Users/maryamhasanzadehkiabi/Documents/BCB420/Maryam_Hasanzadehkiabi/Assignment 3/project_data/Human_GOBP_AllPathways_no_GO_iea_April_02_2023_symbol.gmt
param	make_sets	true
param	plot_top_x	20
param	gui	false
param	nperm	1000
param	collapse	No_Collapse

file	/Users/maryamhasanzadehkiabi/Documents/BCB420/Maryam_Hasanzadehkiabi/Assignment 3/result_data/control_vs_treatmentA.GseaPreranked.1680983057326/index.html
